Build started 15/03/16 14:29:48.
     1>Project "C:\Users\RaposoUser\documents\visual studio 2015\Projects\CircSim\CircSim\CircSim.vcxproj" on node 2 (Build target(s)).
     1>ClCompile:
         C:\Program Files (x86)\Microsoft Visual Studio 14.0\VC\bin\CL.exe /c /ZI /nologo /W3 /WX- /Od /Oy- /D WIN32 /D _DEBUG /D _CONSOLE /D _UNICODE /D UNICODE /Gm /EHsc /RTC1 /MDd /GS /fp:precise /Zc:wchar_t /Zc:forScope /Zc:inline /Fo"Debug\\" /Fd"Debug\vc140.pdb" /Gd /TP /analyze- /errorReport:prompt Solver.cpp
         Solver.cpp
     1>c:\users\raposouser\documents\visual studio 2015\projects\circsim\circsim\solver.cpp(17): warning C4018: '<': signed/unsigned mismatch
     1>c:\users\raposouser\documents\visual studio 2015\projects\circsim\circsim\solver.cpp(91): warning C4244: 'argument': conversion from 'time_t' to 'unsigned int', possible loss of data
     1>c:\users\raposouser\documents\visual studio 2015\projects\circsim\circsim\solver.cpp(110): warning C4018: '<': signed/unsigned mismatch
     1>c:\users\raposouser\documents\visual studio 2015\projects\circsim\circsim\solver.cpp(114): warning C4244: 'initializing': conversion from 'double' to 'unsigned long', possible loss of data
     1>c:\users\raposouser\documents\visual studio 2015\projects\circsim\circsim\solver.cpp(152): warning C4018: '<': signed/unsigned mismatch
     1>c:\users\raposouser\documents\visual studio 2015\projects\circsim\circsim\solver.cpp(150): warning C4102: 'C': unreferenced label
     1>c:\users\raposouser\documents\visual studio 2015\projects\circsim\circsim\solver.cpp(166): warning C4018: '<': signed/unsigned mismatch
     1>c:\users\raposouser\documents\visual studio 2015\projects\circsim\circsim\solver.cpp(184): warning C4018: '<': signed/unsigned mismatch
     1>c:\users\raposouser\documents\visual studio 2015\projects\circsim\circsim\solver.cpp(186): warning C4018: '<': signed/unsigned mismatch
     1>c:\users\raposouser\documents\visual studio 2015\projects\circsim\circsim\solver.cpp(203): warning C4018: '<': signed/unsigned mismatch
     1>c:\users\raposouser\documents\visual studio 2015\projects\circsim\circsim\solver.cpp(225): warning C4018: '<': signed/unsigned mismatch
     1>c:\users\raposouser\documents\visual studio 2015\projects\circsim\circsim\solver.cpp(232): warning C4018: '<': signed/unsigned mismatch
     1>c:\users\raposouser\documents\visual studio 2015\projects\circsim\circsim\solver.cpp(237): warning C4018: '<': signed/unsigned mismatch
     1>c:\users\raposouser\documents\visual studio 2015\projects\circsim\circsim\solver.cpp(262): warning C4018: '<': signed/unsigned mismatch
     1>c:\users\raposouser\documents\visual studio 2015\projects\circsim\circsim\solver.cpp(264): warning C4018: '<': signed/unsigned mismatch
     1>c:\users\raposouser\documents\visual studio 2015\projects\circsim\circsim\solver.cpp(321): warning C4018: '<': signed/unsigned mismatch
     1>c:\users\raposouser\documents\visual studio 2015\projects\circsim\circsim\solver.cpp(331): warning C4018: '<': signed/unsigned mismatch
     1>c:\users\raposouser\documents\visual studio 2015\projects\circsim\circsim\solver.cpp(339): warning C4018: '<': signed/unsigned mismatch
       Link:
         C:\Program Files (x86)\Microsoft Visual Studio 14.0\VC\bin\link.exe /ERRORREPORT:PROMPT /OUT:"C:\Users\RaposoUser\documents\visual studio 2015\Projects\CircSim\Debug\CircSim.exe" /INCREMENTAL /NOLOGO kernel32.lib user32.lib gdi32.lib winspool.lib comdlg32.lib advapi32.lib shell32.lib ole32.lib oleaut32.lib uuid.lib odbc32.lib odbccp32.lib /MANIFEST /MANIFESTUAC:"level='asInvoker' uiAccess='false'" /manifest:embed /Debug /PDB:"C:\Users\RaposoUser\documents\visual studio 2015\Projects\CircSim\Debug\CircSim.pdb" /SUBSYSTEM:CONSOLE /TLBID:1 /DYNAMICBASE /NXCOMPAT /IMPLIB:"C:\Users\RaposoUser\documents\visual studio 2015\Projects\CircSim\Debug\CircSim.lib" /MACHINE:X86 Debug\Capacitor.obj
         Debug\CircSim.obj
         Debug\Component.obj
         Debug\CurrentCurrentSource.obj
         Debug\CurrentSource.obj
         Debug\CurrentVoltageSource.obj
         Debug\Diode.obj
         Debug\Inductor.obj
         Debug\LinearNewtonRaphson.obj
         Debug\Netlist.obj
         Debug\NonLinearResistor.obj
         Debug\Opamp.obj
         Debug\Resistor.obj
         Debug\SimulationParameters.obj
         Debug\Solver.obj
         Debug\stdafx.obj
         Debug\Switch.obj
         Debug\VoltageCurrentSource.obj
         Debug\VoltageSource.obj
         Debug\VoltageVoltageSource.obj
         CircSim.vcxproj -> C:\Users\RaposoUser\documents\visual studio 2015\Projects\CircSim\Debug\CircSim.exe
     1>Done Building Project "C:\Users\RaposoUser\documents\visual studio 2015\Projects\CircSim\CircSim\CircSim.vcxproj" (Build target(s)).

Build succeeded.

Time Elapsed 00:00:02.63
